TN:
SF:D:\t\unittest_karma_assigment5-master\unittest_karma_assigment5-master\src\polyfills.ts
FNF:0
FNH:0
LF:0
LH:0
BRF:0
BRH:0
end_of_record
TN:
SF:D:\t\unittest_karma_assigment5-master\unittest_karma_assigment5-master\src\test.ts
FNF:0
FNH:0
DA:11,1
DA:16,1
DA:18,1
LF:3
LH:3
BRF:0
BRH:0
end_of_record
TN:
SF:D:\t\unittest_karma_assigment5-master\unittest_karma_assigment5-master\src\app\app.component.ts
FN:3,(anonymous_0)
FNF:1
FNH:1
FNDA:2,(anonymous_0)
DA:8,1
DA:9,2
LF:2
LH:2
BRF:0
BRH:0
end_of_record
TN:
SF:D:\t\unittest_karma_assigment5-master\unittest_karma_assigment5-master\src\app\currency.service.ts
FN:12,(anonymous_0)
FN:16,(anonymous_1)
FN:21,(anonymous_2)
FN:27,(anonymous_3)
FNF:4
FNH:4
FNDA:18,(anonymous_0)
FNDA:7,(anonymous_1)
FNDA:1,(anonymous_2)
FNDA:1,(anonymous_3)
DA:11,1
DA:12,18
DA:17,7
DA:23,1
DA:29,1
LF:5
LH:5
BRF:0
BRH:0
end_of_record
TN:
SF:D:\t\unittest_karma_assigment5-master\unittest_karma_assigment5-master\src\app\comparator\comparator.component.ts
FN:14,(anonymous_0)
FN:16,(anonymous_1)
FN:19,(anonymous_2)
FN:22,(anonymous_3)
FN:24,(anonymous_4)
FNF:5
FNH:5
FNDA:11,(anonymous_0)
FNDA:9,(anonymous_1)
FNDA:7,(anonymous_2)
FNDA:1,(anonymous_3)
FNDA:33,(anonymous_4)
DA:9,1
DA:11,1
DA:14,11
DA:20,7
DA:21,1
DA:22,1
DA:23,1
DA:24,33
LF:8
LH:8
BRDA:20,0,0,1
BRDA:20,0,1,6
BRDA:23,1,0,1
BRDA:23,1,1,0
BRDA:23,2,0,1
BRDA:23,2,1,1
BRDA:23,2,2,1
BRF:7
BRH:6
end_of_record
TN:
SF:D:\t\unittest_karma_assigment5-master\unittest_karma_assigment5-master\src\app\converter\converter.component.ts
FN:41,(anonymous_0)
FN:19,(anonymous_1)
FN:46,(anonymous_2)
FN:52,(anonymous_3)
FN:56,(anonymous_4)
FN:60,(anonymous_5)
FN:67,(anonymous_6)
FN:75,(anonymous_7)
FNF:8
FNH:7
FNDA:8,(anonymous_0)
FNDA:6,(anonymous_1)
FNDA:6,(anonymous_2)
FNDA:7,(anonymous_3)
FNDA:3,(anonymous_4)
FNDA:0,(anonymous_5)
FNDA:2,(anonymous_6)
FNDA:1,(anonymous_7)
DA:12,1
DA:15,8
DA:16,8
DA:17,8
DA:20,6
DA:33,8
DA:42,8
DA:43,8
DA:47,6
DA:48,6
DA:53,7
DA:57,3
DA:58,3
DA:61,0
DA:68,2
DA:70,2
DA:71,1
DA:72,1
DA:74,1
DA:76,1
DA:77,1
DA:78,1
DA:79,1
DA:80,1
DA:81,1
LF:25
LH:24
BRDA:70,0,0,1
BRDA:70,0,1,1
BRDA:70,1,0,2
BRDA:70,1,1,1
BRF:4
BRH:4
end_of_record
TN:
SF:D:\t\unittest_karma_assigment5-master\unittest_karma_assigment5-master\src\environments\environment.ts
FNF:0
FNH:0
DA:5,1
LF:1
LH:1
BRF:0
BRH:0
end_of_record
